
		----------------------------------------
		[LEVEL]   => INFO         

		[MSG]     => erro na entrada adicionada           

		[USUARIO] => Master Potato       

		[DATA]    => 2023/09/07 05:42:41 

		----------------------------------------
		
		----------------------------------------
		[LEVEL]   => INFO         

		[MSG]     => erro na entrada adicionada           

		[USUARIO] => Master Potato       

		[DATA]    => 2023/09/07 05:43:36 

		----------------------------------------
		
		----------------------------------------
		[LEVEL]   => INFO         

		[MSG]     => erro na entrada adicionada           

		[USUARIO] => Master Potato       

		[DATA]    => 2023/09/07 05:43:36 

		----------------------------------------
		
		----------------------------------------
		[LEVEL]   => INFO         

		[MSG]     => erro na entrada adicionada           

		[USUARIO] => Master Potato       

		[DATA]    => 2023/09/07 05:47:18 

		----------------------------------------
		